<?xml version="1.0" encoding="UTF-8"?>
<testng-results skipped="0" failed="0" total="1" passed="1">
  <reporter-output>
  </reporter-output>
  <suite name="Regression Suite" duration-ms="26365" started-at="2019-07-20T18:55:07Z" finished-at="2019-07-20T18:55:33Z">
    <groups>
      <group name="cucumber">
        <method signature="AbstractTestNGCucumberTests.feature(cucumber.api.testng.CucumberFeatureWrapper)[pri:0, instance:Runners.Runner@54c562f7]" name="feature" class="cucumber.api.testng.AbstractTestNGCucumberTests"/>
      </group> <!-- cucumber -->
    </groups>
    <test name="Mac Chrome Local regression test" duration-ms="26365" started-at="2019-07-20T18:55:07Z" finished-at="2019-07-20T18:55:33Z">
      <class name="Runners.Runner">
        <test-method status="PASS" signature="beforeSuite()[pri:0, instance:Runners.Runner@54c562f7]" name="beforeSuite" is-config="true" duration-ms="589" started-at="2019-07-20T14:55:06Z" finished-at="2019-07-20T14:55:07Z">
          <reporter-output>
          </reporter-output>
        </test-method> <!-- beforeSuite -->
        <test-method status="PASS" signature="setUpClass()[pri:0, instance:Runners.Runner@54c562f7]" name="setUpClass" is-config="true" duration-ms="246" started-at="2019-07-20T14:55:07Z" finished-at="2019-07-20T14:55:07Z">
          <reporter-output>
          </reporter-output>
        </test-method> <!-- setUpClass -->
        <test-method status="PASS" signature="beforeClass()[pri:0, instance:Runners.Runner@54c562f7]" name="beforeClass" is-config="true" duration-ms="390" started-at="2019-07-20T14:55:07Z" finished-at="2019-07-20T14:55:07Z">
          <reporter-output>
          </reporter-output>
        </test-method> <!-- beforeClass -->
        <test-method status="PASS" signature="beforeMethod(java.lang.String, java.lang.String, java.lang.String, java.lang.String, java.lang.String, java.lang.String, java.lang.String)[pri:0, instance:Runners.Runner@54c562f7]" name="beforeMethod" is-config="true" duration-ms="76" started-at="2019-07-20T14:55:07Z" finished-at="2019-07-20T14:55:07Z">
          <params>
            <param index="0">
              <value>
                <![CDATA[mac]]>
              </value>
            </param>
            <param index="1">
              <value>
                <![CDATA[chrome]]>
              </value>
            </param>
            <param index="2">
              <value>
                <![CDATA[true]]>
              </value>
            </param>
            <param index="3">
              <value>
                <![CDATA[false]]>
              </value>
            </param>
            <param index="4">
              <value>
                <![CDATA[false]]>
              </value>
            </param>
            <param index="5">
              <value>
                <![CDATA[false]]>
              </value>
            </param>
            <param index="6">
              <value>
                <![CDATA[ACTIVE]]>
              </value>
            </param>
          </params>
          <reporter-output>
          </reporter-output>
        </test-method> <!-- beforeMethod -->
        <test-method status="PASS" signature="feature(cucumber.api.testng.CucumberFeatureWrapper)[pri:0, instance:Runners.Runner@54c562f7]" name="feature" duration-ms="25525" started-at="2019-07-20T14:55:07Z" description="Runs Cucumber Feature" data-provider="features" finished-at="2019-07-20T14:55:33Z">
          <params>
            <param index="0">
              <value>
                <![CDATA[A user must be able to make a deposit successfully]]>
              </value>
            </param>
          </params>
          <reporter-output>
          </reporter-output>
        </test-method> <!-- feature -->
        <test-method status="PASS" signature="tearDownClass()[pri:0, instance:Runners.Runner@54c562f7]" name="tearDownClass" is-config="true" duration-ms="3" started-at="2019-07-20T14:55:33Z" finished-at="2019-07-20T14:55:33Z">
          <reporter-output>
          </reporter-output>
        </test-method> <!-- tearDownClass -->
        <test-method status="PASS" signature="afterSuite()[pri:0, instance:Runners.Runner@54c562f7]" name="afterSuite" is-config="true" duration-ms="4" started-at="2019-07-20T14:55:38Z" finished-at="2019-07-20T14:55:38Z">
          <reporter-output>
          </reporter-output>
        </test-method> <!-- afterSuite -->
      </class> <!-- Runners.Runner -->
    </test> <!-- Mac Chrome Local regression test -->
  </suite> <!-- Regression Suite -->
</testng-results>
